2024-01-09 00:26:48.220 +01:00  INF  Now listening on: https://localhost:7235
2024-01-09 00:26:48.249 +01:00  INF  Now listening on: http://localhost:5005
2024-01-09 00:26:48.252 +01:00  INF  Application started. Press Ctrl+C to shut down.
2024-01-09 00:26:48.253 +01:00  INF  Hosting environment: Development
2024-01-09 00:26:48.254 +01:00  INF  Content root path: C:\Repos\Centrica\DataAccess\CentricaStoresApi
2024-01-09 00:26:49.630 +01:00  INF  Request starting HTTP/2 GET https://localhost:7235/swagger/index.html - null null
2024-01-09 00:26:49.920 +01:00  INF  Request finished HTTP/2 GET https://localhost:7235/swagger/index.html - 200 null text/html;charset=utf-8 298.452ms
2024-01-09 00:26:50.011 +01:00  INF  Request starting HTTP/2 GET https://localhost:7235/_framework/aspnetcore-browser-refresh.js - null null
2024-01-09 00:26:50.011 +01:00  INF  Request starting HTTP/2 GET https://localhost:7235/_vs/browserLink - null null
2024-01-09 00:26:50.028 +01:00  INF  Request finished HTTP/2 GET https://localhost:7235/_framework/aspnetcore-browser-refresh.js - 200 13770 application/javascript; charset=utf-8 16.1314ms
2024-01-09 00:26:50.093 +01:00  INF  Request finished HTTP/2 GET https://localhost:7235/_vs/browserLink - 200 null text/javascript; charset=UTF-8 81.4631ms
2024-01-09 00:26:50.195 +01:00  INF  Request starting HTTP/2 GET https://localhost:7235/swagger/v1/swagger.json - null null
2024-01-09 00:26:50.536 +01:00  INF  Request finished HTTP/2 GET https://localhost:7235/swagger/v1/swagger.json - 200 null application/json;charset=utf-8 341.0086ms
2024-01-09 00:27:03.374 +01:00  INF  Request starting HTTP/1.1 GET https://localhost:7235/api/SalePerson/GetAll - null null
2024-01-09 00:27:03.413 +01:00  INF  Request finished HTTP/1.1 GET https://localhost:7235/api/SalePerson/GetAll - 404 0 null 38.9713ms
2024-01-09 00:27:03.420 +01:00  INF  Request reached the end of the middleware pipeline without being handled by application code. Request path: GET https://localhost:7235/api/SalePerson/GetAll, Response status code: 404
2024-01-09 00:35:02.381 +01:00  INF  Request starting HTTP/1.1 GET https://localhost:7235/api/SalePerson/GetAll - null null
2024-01-09 00:35:02.388 +01:00  INF  Request finished HTTP/1.1 GET https://localhost:7235/api/SalePerson/GetAll - 404 0 null 7.6625ms
2024-01-09 00:35:02.391 +01:00  INF  Request reached the end of the middleware pipeline without being handled by application code. Request path: GET https://localhost:7235/api/SalePerson/GetAll, Response status code: 404
2024-01-09 00:47:32.497 +01:00  INF  Now listening on: https://localhost:7235
2024-01-09 00:47:32.673 +01:00  INF  Now listening on: http://localhost:5005
2024-01-09 00:47:32.676 +01:00  INF  Application started. Press Ctrl+C to shut down.
2024-01-09 00:47:32.679 +01:00  INF  Hosting environment: Development
2024-01-09 00:47:32.680 +01:00  INF  Content root path: C:\Repos\Centrica\DataAccess\CentricaStoresApi
2024-01-09 00:47:33.143 +01:00  INF  Request starting HTTP/2 GET https://localhost:7235/swagger/index.html - null null
2024-01-09 00:47:33.680 +01:00  INF  Request finished HTTP/2 GET https://localhost:7235/swagger/index.html - 200 null text/html;charset=utf-8 563.0578ms
2024-01-09 00:47:33.730 +01:00  INF  Request starting HTTP/2 GET https://localhost:7235/_framework/aspnetcore-browser-refresh.js - null null
2024-01-09 00:47:33.764 +01:00  INF  Request finished HTTP/2 GET https://localhost:7235/_framework/aspnetcore-browser-refresh.js - 200 13770 application/javascript; charset=utf-8 41.0042ms
2024-01-09 00:47:33.798 +01:00  INF  Request starting HTTP/2 GET https://localhost:7235/_vs/browserLink - null null
2024-01-09 00:47:34.052 +01:00  INF  Request finished HTTP/2 GET https://localhost:7235/_vs/browserLink - 200 null text/javascript; charset=UTF-8 254.1436ms
2024-01-09 00:47:34.161 +01:00  INF  Request starting HTTP/2 GET https://localhost:7235/swagger/v1/swagger.json - null null
2024-01-09 00:47:34.372 +01:00  INF  Request finished HTTP/2 GET https://localhost:7235/swagger/v1/swagger.json - 200 null application/json;charset=utf-8 211.2395ms
2024-01-09 00:55:03.568 +01:00  INF  Request starting HTTP/1.1 GET https://localhost:7235/api/SalePerson/GetAll - null null
2024-01-09 00:55:03.633 +01:00  INF  Request finished HTTP/1.1 GET https://localhost:7235/api/SalePerson/GetAll - 404 0 null 68.9316ms
2024-01-09 00:55:03.637 +01:00  INF  Request reached the end of the middleware pipeline without being handled by application code. Request path: GET https://localhost:7235/api/SalePerson/GetAll, Response status code: 404
2024-01-09 00:55:03.663 +01:00  INF  Request starting HTTP/1.1 GET https://localhost:7235/api/SalePerson/GetAll - null null
2024-01-09 00:55:03.666 +01:00  INF  Request finished HTTP/1.1 GET https://localhost:7235/api/SalePerson/GetAll - 404 0 null 2.5969ms
2024-01-09 00:55:03.669 +01:00  INF  Request reached the end of the middleware pipeline without being handled by application code. Request path: GET https://localhost:7235/api/SalePerson/GetAll, Response status code: 404
2024-01-09 00:58:12.686 +01:00  INF  Request starting HTTP/1.1 GET https://localhost:7235/api/Saleperson/Districts - null null
2024-01-09 00:58:12.697 +01:00  INF  Executing endpoint 'CentricaStoresApi.Controllers.SalePersonController.GetAll (CentricaStoresApi)'
2024-01-09 00:58:12.766 +01:00  INF  Route matched with {action = "GetAll", controller = "SalePerson"}. Executing controller action with signature System.Threading.Tasks.Task`1[Microsoft.AspNetCore.Mvc.ActionResult`1[System.String]] GetAll() on controller CentricaStoresApi.Controllers.SalePersonController (CentricaStoresApi).
2024-01-09 00:58:12.775 +01:00  INF  GetAll started
2024-01-09 00:58:13.378 +01:00  INF  Executing OkObjectResult, writing value of type 'System.Collections.Generic.List`1[[System.String, System.Private.CoreLib, Version=8.0.0.0, Culture=neutral, PublicKeyToken=7cec85d7bea7798e]]'.
2024-01-09 00:58:13.401 +01:00  INF  Executed action CentricaStoresApi.Controllers.SalePersonController.GetAll (CentricaStoresApi) in 629.8309ms
2024-01-09 00:58:13.404 +01:00  INF  Executed endpoint 'CentricaStoresApi.Controllers.SalePersonController.GetAll (CentricaStoresApi)'
2024-01-09 00:58:13.406 +01:00  INF  Request finished HTTP/1.1 GET https://localhost:7235/api/Saleperson/Districts - 200 null application/json; charset=utf-8 720.4051ms
2024-01-09 01:01:57.592 +01:00  INF  Request starting HTTP/1.1 GET https://localhost:7235/api/Saleperson/Districts - null null
2024-01-09 01:01:57.598 +01:00  INF  Executing endpoint 'CentricaStoresApi.Controllers.SalePersonController.GetAll (CentricaStoresApi)'
2024-01-09 01:01:57.600 +01:00  INF  Route matched with {action = "GetAll", controller = "SalePerson"}. Executing controller action with signature System.Threading.Tasks.Task`1[Microsoft.AspNetCore.Mvc.ActionResult`1[System.String]] GetAll() on controller CentricaStoresApi.Controllers.SalePersonController (CentricaStoresApi).
2024-01-09 01:01:57.601 +01:00  INF  GetAll started
2024-01-09 01:01:57.615 +01:00  INF  Executing OkObjectResult, writing value of type 'System.Collections.Generic.List`1[[System.String, System.Private.CoreLib, Version=8.0.0.0, Culture=neutral, PublicKeyToken=7cec85d7bea7798e]]'.
2024-01-09 01:01:57.618 +01:00  INF  Executed action CentricaStoresApi.Controllers.SalePersonController.GetAll (CentricaStoresApi) in 16.8098ms
2024-01-09 01:01:57.620 +01:00  INF  Executed endpoint 'CentricaStoresApi.Controllers.SalePersonController.GetAll (CentricaStoresApi)'
2024-01-09 01:01:57.620 +01:00  INF  Request finished HTTP/1.1 GET https://localhost:7235/api/Saleperson/Districts - 200 null application/json; charset=utf-8 28.2372ms
